<?xml version="1.0" encoding="UTF-8"?>
<!-- Generated by org.testng.reporters.JUnitXMLReporter -->
<testsuite ignored="6" hostname="LP-C02GK27QMD6M" failures="0" tests="4" name="Test" time="0.039" errors="0" timestamp="2023-03-13T14:01:13 IST">
  <testcase classname="com.CA.base.Page" name="@BeforeSuite setUp" time="0.01">
    <failure type="java.lang.NullPointerException" message="inStream parameter is null">
      <![CDATA[java.lang.NullPointerException: inStream parameter is null
at java.base/java.util.Objects.requireNonNull(Objects.java:246)
at java.base/java.util.Properties.load(Properties.java:407)
at com.CA.base.Page.setUp(Page.java:85)
... Removed 19 stack frames]]>
    </failure>
  </testcase> <!-- @BeforeSuite setUp -->
  <testcase classname="com.CA.Team.Testcases.PlayersTest" name="Verifyplayers" time="0.0">
    <skipped/>
  </testcase> <!-- Verifyplayers -->
  <testcase classname="com.CA.Team.Testcases.CoachesTest" name="Verifycoaches" time="0.0">
    <skipped/>
  </testcase> <!-- Verifycoaches -->
  <testcase classname="com.CA.Team.Testcases.MarvelStadiumTest" name="VerifyMarvelStadium" time="0.0">
    <skipped/>
  </testcase> <!-- VerifyMarvelStadium -->
  <testcase classname="com.CA.Team.Testcases.CareersTest" name="VerifyCareer" time="0.0">
    <skipped/>
  </testcase> <!-- VerifyCareer -->
  <testcase classname="com.CA.base.Page" name="@AfterSuite quit" time="0.0">
    <ignored/>
  </testcase> <!-- @AfterSuite quit -->
  <testcase classname="com.CA.base.Page" name="@AfterSuite quit" time="0.0">
    <ignored/>
  </testcase> <!-- @AfterSuite quit -->
  <testcase classname="com.CA.base.Page" name="@AfterSuite quit" time="0.0">
    <ignored/>
  </testcase> <!-- @AfterSuite quit -->
  <testcase classname="com.CA.base.Page" name="@BeforeSuite setUp" time="0.0">
    <ignored/>
  </testcase> <!-- @BeforeSuite setUp -->
  <testcase classname="com.CA.base.Page" name="@BeforeSuite setUp" time="0.0">
    <ignored/>
  </testcase> <!-- @BeforeSuite setUp -->
  <testcase classname="com.CA.base.Page" name="@BeforeSuite setUp" time="0.0">
    <ignored/>
  </testcase> <!-- @BeforeSuite setUp -->
</testsuite> <!-- Test -->
